<?xml version="1.0" encoding="UTF-8"?>
<!-- Generated by org.testng.reporters.JUnitReportReporter -->
<testsuite hostname="cutepuja" failures="0" tests="4" name="testdatapage.Logintest" time="0.000" errors="1" timestamp="14 May 2020 06:42:12 GMT" skipped="3">
  <testcase classname="testdatapage.Logintest" name="setup" time="0.000">
    <error message="
Parameter &#039;browser&#039; is required by BeforeTest on method setup but has not been marked @Optional or defined
in C:\Users\cute puja\eclipse-workspace\aprilpomser\src\test\resourse\testrunner\testng.xml" type="org.testng.TestNGException">
      <![CDATA[org.testng.TestNGException: 
Parameter 'browser' is required by BeforeTest on method setup but has not been marked @Optional or defined
in C:\Users\cute puja\eclipse-workspace\aprilpomser\src\test\resourse\testrunner\testng.xml
at org.testng.internal.Parameters.createParams(Parameters.java:290)
at org.testng.internal.Parameters.createParametersForMethod(Parameters.java:359)
at org.testng.internal.Parameters.createParameters(Parameters.java:620)
at org.testng.internal.Parameters.createConfigurationParameters(Parameters.java:190)
at org.testng.internal.Invoker.invokeConfigurations(Invoker.java:209)
at org.testng.internal.Invoker.invokeConfigurations(Invoker.java:142)
at org.testng.TestRunner.beforeRun(TestRunner.java:529)
at org.testng.TestRunner.run(TestRunner.java:497)
at org.testng.SuiteRunner.runTest(SuiteRunner.java:455)
at org.testng.SuiteRunner.runSequentially(SuiteRunner.java:450)
at org.testng.SuiteRunner.privateRun(SuiteRunner.java:415)
at org.testng.SuiteRunner.run(SuiteRunner.java:364)
at org.testng.SuiteRunnerWorker.runSuite(SuiteRunnerWorker.java:52)
at org.testng.SuiteRunnerWorker.run(SuiteRunnerWorker.java:84)
at org.testng.TestNG.runSuitesSequentially(TestNG.java:1208)
at org.testng.TestNG.runSuitesLocally(TestNG.java:1137)
at org.testng.TestNG.runSuites(TestNG.java:1049)
at org.testng.TestNG.run(TestNG.java:1017)
at org.testng.remote.AbstractRemoteTestNG.run(AbstractRemoteTestNG.java:115)
at org.testng.remote.RemoteTestNG.initAndRun(RemoteTestNG.java:251)
at org.testng.remote.RemoteTestNG.main(RemoteTestNG.java:77)
]]>
    </error>
  </testcase> <!-- setup -->
  <testcase classname="testdatapage.Logintest" name="verifyloginpagetitletest" time="0.000">
    <skipped/>
  </testcase> <!-- verifyloginpagetitletest -->
  <testcase classname="testdatapage.Logintest" name="verifysignuplinktest" time="0.000">
    <skipped/>
  </testcase> <!-- verifysignuplinktest -->
  <testcase classname="testdatapage.Logintest" name="logintest" time="0.000">
    <skipped/>
  </testcase> <!-- logintest -->
</testsuite> <!-- testdatapage.Logintest -->
