<?xml version="1.0" encoding="UTF-8"?>
<!-- Generated by org.testng.reporters.JUnitReportReporter -->
<testsuite hostname="cutepuja" failures="0" tests="5" name="testdatapage.Contactspagetest" time="53.099" errors="0" timestamp="02 May 2020 08:45:56 GMT" skipped="0">
  <testcase classname="testdatapage.Contactspagetest" name="verifycontactspagetitle" time="0.614"/>
  <testcase classname="testdatapage.Contactspagetest" name="createcontacttest" time="12.950"/>
  <testcase classname="testdatapage.Contactspagetest" name="createcontacttest" time="13.009"/>
  <testcase classname="testdatapage.Contactspagetest" name="createcontacttest" time="13.141"/>
  <testcase classname="testdatapage.Contactspagetest" name="createcontacttest" time="13.385"/>
</testsuite> <!-- testdatapage.Contactspagetest -->
