<?xml version="1.0" encoding="UTF-8"?>
<!-- Generated by org.testng.reporters.JUnitReportReporter -->
<testsuite hostname="cutepuja" failures="0" tests="3" name="testdatapage.Homepagetest" time="0.000" errors="0" timestamp="14 May 2020 06:42:12 GMT" skipped="3">
  <testcase classname="testdatapage.Homepagetest" name="verifyhomepagetitleTest" time="0.000">
    <skipped/>
  </testcase> <!-- verifyhomepagetitleTest -->
  <testcase classname="testdatapage.Homepagetest" name="verifyhomepageheadertest" time="0.000">
    <skipped/>
  </testcase> <!-- verifyhomepageheadertest -->
  <testcase classname="testdatapage.Homepagetest" name="verifyloggedinusertest" time="0.000">
    <skipped/>
  </testcase> <!-- verifyloggedinusertest -->
</testsuite> <!-- testdatapage.Homepagetest -->
