<?xml version="1.0" encoding="UTF-8"?>
<!-- Generated by org.testng.reporters.JUnitReportReporter -->
<testsuite hostname="cutepuja" failures="0" tests="3" name="testdatapage.Homepagetest" time="0.989" errors="0" timestamp="04 May 2020 06:49:32 GMT" skipped="0">
  <testcase classname="testdatapage.Homepagetest" name="verifyhomepagetitleTest" time="0.705"/>
  <testcase classname="testdatapage.Homepagetest" name="verifyhomepageheadertest" time="0.117"/>
  <testcase classname="testdatapage.Homepagetest" name="verifyloggedinusertest" time="0.167"/>
</testsuite> <!-- testdatapage.Homepagetest -->
