<?xml version="1.0" encoding="UTF-8"?>
<!-- Generated by org.testng.reporters.JUnitReportReporter -->
<testsuite hostname="cutepuja" failures="0" tests="5" name="testdatapage.Contactspagetest" time="0.000" errors="0" timestamp="14 May 2020 06:41:12 GMT" skipped="5">
  <testcase classname="testdatapage.Contactspagetest" name="verifycontactspagetitle" time="0.000">
    <skipped/>
  </testcase> <!-- verifycontactspagetitle -->
  <testcase classname="testdatapage.Contactspagetest" name="createcontacttest" time="0.000">
    <skipped/>
  </testcase> <!-- createcontacttest -->
  <testcase classname="testdatapage.Contactspagetest" name="createcontacttest" time="0.000">
    <skipped/>
  </testcase> <!-- createcontacttest -->
  <testcase classname="testdatapage.Contactspagetest" name="createcontacttest" time="0.000">
    <skipped/>
  </testcase> <!-- createcontacttest -->
  <testcase classname="testdatapage.Contactspagetest" name="createcontacttest" time="0.000">
    <skipped/>
  </testcase> <!-- createcontacttest -->
</testsuite> <!-- testdatapage.Contactspagetest -->
