<?xml version="1.0" encoding="UTF-8"?>
<!-- Generated by org.testng.reporters.JUnitReportReporter -->
<testsuite hostname="cutepuja" failures="0" tests="7" name="testdatapage.Logintest" time="107.441" errors="1" timestamp="13 May 2020 07:11:13 GMT" skipped="3">
  <testcase classname="testdatapage.Logintest" name="setup" time="46.130">
    <error message="session not created: This version of ChromeDriver only supports Chrome version 83
Build info: version: &#039;3.141.59&#039;, revision: &#039;e82be7d358&#039;, time: &#039;2018-11-14T08:17:03&#039;
System info: host: &#039;CUTEPUJA&#039;, ip: &#039;192.168.1.13&#039;, os.name: &#039;Windows 8.1&#039;, os.arch: &#039;amd64&#039;, os.version: &#039;6.3&#039;, java.version: &#039;9.0.4&#039;
Driver info: driver.version: ChromeDriver
remote stacktrace: Backtrace:
	Ordinal0 [0x01419563+2725219]
	Ordinal0 [0x01318551+1672529]
	Ordinal0 [0x01200359+525145]
	Ordinal0 [0x01190B77+68471]
	Ordinal0 [0x0118D32C+54060]
	Ordinal0 [0x011ACC37+183351]
	Ordinal0 [0x011ACA3D+182845]
	Ordinal0 [0x011AA94B+174411]
	Ordinal0 [0x01192528+75048]
	Ordinal0 [0x011935A0+79264]
	Ordinal0 [0x01193539+79161]
	Ordinal0 [0x0132D607+1758727]
	GetHandleVerifier [0x01536546+1050150]
	GetHandleVerifier [0x01536291+1049457]
	GetHandleVerifier [0x015410D7+1094071]
	GetHandleVerifier [0x01536B46+1051686]
	Ordinal0 [0x01325B06+1727238]
	Ordinal0 [0x0132EB7B+1764219]
	Ordinal0 [0x0132ECE3+1764579]
	Ordinal0 [0x01344C05+1854469]
	BaseThreadInitThunk [0x77686A14+36]
	RtlInitializeExceptionChain [0x7791AB4F+143]
	RtlInitializeExceptionChain [0x7791AB1A+90]
" type="org.openqa.selenium.SessionNotCreatedException">
      <![CDATA[org.openqa.selenium.SessionNotCreatedException: session not created: This version of ChromeDriver only supports Chrome version 83
Build info: version: '3.141.59', revision: 'e82be7d358', time: '2018-11-14T08:17:03'
System info: host: 'CUTEPUJA', ip: '192.168.1.13', os.name: 'Windows 8.1', os.arch: 'amd64', os.version: '6.3', java.version: '9.0.4'
Driver info: driver.version: ChromeDriver
remote stacktrace: Backtrace:
Ordinal0 [0x01419563+2725219]
Ordinal0 [0x01318551+1672529]
Ordinal0 [0x01200359+525145]
Ordinal0 [0x01190B77+68471]
Ordinal0 [0x0118D32C+54060]
Ordinal0 [0x011ACC37+183351]
Ordinal0 [0x011ACA3D+182845]
Ordinal0 [0x011AA94B+174411]
Ordinal0 [0x01192528+75048]
Ordinal0 [0x011935A0+79264]
Ordinal0 [0x01193539+79161]
Ordinal0 [0x0132D607+1758727]
GetHandleVerifier [0x01536546+1050150]
GetHandleVerifier [0x01536291+1049457]
GetHandleVerifier [0x015410D7+1094071]
GetHandleVerifier [0x01536B46+1051686]
Ordinal0 [0x01325B06+1727238]
Ordinal0 [0x0132EB7B+1764219]
Ordinal0 [0x0132ECE3+1764579]
Ordinal0 [0x01344C05+1854469]
BaseThreadInitThunk [0x77686A14+36]
RtlInitializeExceptionChain [0x7791AB4F+143]
RtlInitializeExceptionChain [0x7791AB1A+90]

at java.base/jdk.internal.reflect.NativeConstructorAccessorImpl.newInstance0(Native Method)
at java.base/jdk.internal.reflect.NativeConstructorAccessorImpl.newInstance(NativeConstructorAccessorImpl.java:62)
at java.base/jdk.internal.reflect.DelegatingConstructorAccessorImpl.newInstance(DelegatingConstructorAccessorImpl.java:45)
at java.base/java.lang.reflect.Constructor.newInstance(Constructor.java:488)
at org.openqa.selenium.remote.W3CHandshakeResponse.lambda$errorHandler$0(W3CHandshakeResponse.java:62)
at org.openqa.selenium.remote.HandshakeResponse.lambda$getResponseFunction$0(HandshakeResponse.java:30)
at org.openqa.selenium.remote.ProtocolHandshake.lambda$createSession$0(ProtocolHandshake.java:126)
at java.base/java.util.stream.ReferencePipeline$3$1.accept(ReferencePipeline.java:195)
at java.base/java.util.Spliterators$ArraySpliterator.tryAdvance(Spliterators.java:958)
at java.base/java.util.stream.ReferencePipeline.forEachWithCancel(ReferencePipeline.java:127)
at java.base/java.util.stream.AbstractPipeline.copyIntoWithCancel(AbstractPipeline.java:502)
at java.base/java.util.stream.AbstractPipeline.copyInto(AbstractPipeline.java:488)
at java.base/java.util.stream.AbstractPipeline.wrapAndCopyInto(AbstractPipeline.java:474)
at java.base/java.util.stream.FindOps$FindOp.evaluateSequential(FindOps.java:152)
at java.base/java.util.stream.AbstractPipeline.evaluate(AbstractPipeline.java:234)
at java.base/java.util.stream.ReferencePipeline.findFirst(ReferencePipeline.java:476)
at org.openqa.selenium.remote.ProtocolHandshake.createSession(ProtocolHandshake.java:128)
at org.openqa.selenium.remote.ProtocolHandshake.createSession(ProtocolHandshake.java:74)
at org.openqa.selenium.remote.HttpCommandExecutor.execute(HttpCommandExecutor.java:136)
at org.openqa.selenium.remote.service.DriverCommandExecutor.execute(DriverCommandExecutor.java:83)
at org.openqa.selenium.remote.RemoteWebDriver.execute(RemoteWebDriver.java:552)
at org.openqa.selenium.remote.RemoteWebDriver.startSession(RemoteWebDriver.java:213)
at org.openqa.selenium.remote.RemoteWebDriver.<init>(RemoteWebDriver.java:131)
at org.openqa.selenium.chrome.ChromeDriver.<init>(ChromeDriver.java:181)
at org.openqa.selenium.chrome.ChromeDriver.<init>(ChromeDriver.java:168)
at org.openqa.selenium.chrome.ChromeDriver.<init>(ChromeDriver.java:123)
at base.Base.initdriver(Base.java:51)
at testdatapage.Logintest.setup(Logintest.java:48)
at java.base/jdk.internal.reflect.NativeMethodAccessorImpl.invoke0(Native Method)
at java.base/jdk.internal.reflect.NativeMethodAccessorImpl.invoke(NativeMethodAccessorImpl.java:62)
at java.base/jdk.internal.reflect.DelegatingMethodAccessorImpl.invoke(DelegatingMethodAccessorImpl.java:43)
at java.base/java.lang.reflect.Method.invoke(Method.java:564)
at org.testng.internal.MethodInvocationHelper.invokeMethod(MethodInvocationHelper.java:124)
at org.testng.internal.MethodInvocationHelper.invokeMethodConsideringTimeout(MethodInvocationHelper.java:59)
at org.testng.internal.Invoker.invokeConfigurationMethod(Invoker.java:458)
at org.testng.internal.Invoker.invokeConfigurations(Invoker.java:222)
at org.testng.internal.Invoker.invokeConfigurations(Invoker.java:142)
at org.testng.TestRunner.beforeRun(TestRunner.java:529)
at org.testng.TestRunner.run(TestRunner.java:497)
at org.testng.SuiteRunner.runTest(SuiteRunner.java:455)
at org.testng.SuiteRunner.runSequentially(SuiteRunner.java:450)
at org.testng.SuiteRunner.privateRun(SuiteRunner.java:415)
at org.testng.SuiteRunner.run(SuiteRunner.java:364)
at org.testng.SuiteRunnerWorker.runSuite(SuiteRunnerWorker.java:52)
at org.testng.SuiteRunnerWorker.run(SuiteRunnerWorker.java:84)
at org.testng.TestNG.runSuitesSequentially(TestNG.java:1208)
at org.testng.TestNG.runSuitesLocally(TestNG.java:1137)
at org.testng.TestNG.runSuites(TestNG.java:1049)
at org.testng.TestNG.run(TestNG.java:1017)
at org.testng.remote.AbstractRemoteTestNG.run(AbstractRemoteTestNG.java:115)
at org.testng.remote.RemoteTestNG.initAndRun(RemoteTestNG.java:251)
at org.testng.remote.RemoteTestNG.main(RemoteTestNG.java:77)
]]>
    </error>
  </testcase> <!-- setup -->
  <testcase classname="testdatapage.Logintest" name="verifyloginpagetitletest" time="0.258"/>
  <testcase classname="testdatapage.Logintest" name="verifyloginpagetitletest" time="0.000">
    <skipped/>
  </testcase> <!-- verifyloginpagetitletest -->
  <testcase classname="testdatapage.Logintest" name="verifysignuplinktest" time="15.177"/>
  <testcase classname="testdatapage.Logintest" name="verifysignuplinktest" time="0.000">
    <skipped/>
  </testcase> <!-- verifysignuplinktest -->
  <testcase classname="testdatapage.Logintest" name="logintest" time="45.876"/>
  <testcase classname="testdatapage.Logintest" name="logintest" time="0.000">
    <skipped/>
  </testcase> <!-- logintest -->
</testsuite> <!-- testdatapage.Logintest -->
